Analysis & Synthesis report for single_SPAD_readout
Mon Sep 16 16:22:48 2024
Quartus Prime Version 23.1std.1 Build 993 05/14/2024 SC Lite Edition


---------------------
; Table of Contents ;
---------------------
  1. Legal Notice
  2. Analysis & Synthesis Summary
  3. Analysis & Synthesis Settings
  4. Parallel Compilation
  5. Analysis & Synthesis Source Files Read
  6. Analysis & Synthesis Resource Usage Summary
  7. Analysis & Synthesis Resource Utilization by Entity
  8. State Machine - |single_SPAD_readout|SPI_MASTER:SPI_MAMA|present_state
  9. State Machine - |single_SPAD_readout|SPI_buffer_sender:SENDER|state
 10. General Register Statistics
 11. Multiplexer Restructuring Statistics (Restructuring Performed)
 12. Parameter Settings for User Entity Instance: Top-level Entity: |single_SPAD_readout
 13. Parameter Settings for User Entity Instance: controller:CTR
 14. Parameter Settings for User Entity Instance: counter:CNT
 15. Parameter Settings for User Entity Instance: SPI_buffer_sender:SENDER
 16. Parameter Settings for User Entity Instance: SPI_MASTER:SPI_MAMA
 17. Port Connectivity Checks: "SPI_MASTER:SPI_MAMA"
 18. Port Connectivity Checks: "SPI_buffer_sender:SENDER"
 19. Port Connectivity Checks: "counter:CNT"
 20. Port Connectivity Checks: "controller:CTR"
 21. Post-Synthesis Netlist Statistics for Top Partition
 22. Elapsed Time Per Partition
 23. Analysis & Synthesis Messages



----------------
; Legal Notice ;
----------------
Copyright (C) 2024  Intel Corporation. All rights reserved.
Your use of Intel Corporation's design tools, logic functions 
and other software and tools, and any partner logic 
functions, and any output files from any of the foregoing 
(including device programming or simulation files), and any 
associated documentation or information are expressly subject 
to the terms and conditions of the Intel Program License 
Subscription Agreement, the Intel Quartus Prime License Agreement,
the Intel FPGA IP License Agreement, or other applicable license
agreement, including, without limitation, that your use is for
the sole purpose of programming logic devices manufactured by
Intel and sold by Intel or its authorized distributors.  Please
refer to the applicable agreement for further details, at
https://fpgasoftware.intel.com/eula.



+-------------------------------------------------------------------------------------+
; Analysis & Synthesis Summary                                                        ;
+------------------------------------+------------------------------------------------+
; Analysis & Synthesis Status        ; Successful - Mon Sep 16 16:22:48 2024          ;
; Quartus Prime Version              ; 23.1std.1 Build 993 05/14/2024 SC Lite Edition ;
; Revision Name                      ; single_SPAD_readout                            ;
; Top-level Entity Name              ; single_SPAD_readout                            ;
; Family                             ; Cyclone IV E                                   ;
; Total logic elements               ; 417                                            ;
;     Total combinational functions  ; 351                                            ;
;     Dedicated logic registers      ; 272                                            ;
; Total registers                    ; 272                                            ;
; Total pins                         ; 6                                              ;
; Total virtual pins                 ; 0                                              ;
; Total memory bits                  ; 0                                              ;
; Embedded Multiplier 9-bit elements ; 0                                              ;
; Total PLLs                         ; 0                                              ;
+------------------------------------+------------------------------------------------+


+--------------------------------------------------------------------------------------------------------------+
; Analysis & Synthesis Settings                                                                                ;
+------------------------------------------------------------------+---------------------+---------------------+
; Option                                                           ; Setting             ; Default Value       ;
+------------------------------------------------------------------+---------------------+---------------------+
; Device                                                           ; EP4CE115F29C7       ;                     ;
; Top-level entity name                                            ; single_SPAD_readout ; single_SPAD_readout ;
; Family name                                                      ; Cyclone IV E        ; Cyclone V           ;
; Use smart compilation                                            ; Off                 ; Off                 ;
; Enable parallel Assembler and Timing Analyzer during compilation ; On                  ; On                  ;
; Enable compact report table                                      ; Off                 ; Off                 ;
; Restructure Multiplexers                                         ; Auto                ; Auto                ;
; Create Debugging Nodes for IP Cores                              ; Off                 ; Off                 ;
; Preserve fewer node names                                        ; On                  ; On                  ;
; Intel FPGA IP Evaluation Mode                                    ; Enable              ; Enable              ;
; Verilog Version                                                  ; Verilog_2001        ; Verilog_2001        ;
; VHDL Version                                                     ; VHDL_1993           ; VHDL_1993           ;
; State Machine Processing                                         ; Auto                ; Auto                ;
; Safe State Machine                                               ; Off                 ; Off                 ;
; Extract Verilog State Machines                                   ; On                  ; On                  ;
; Extract VHDL State Machines                                      ; On                  ; On                  ;
; Ignore Verilog initial constructs                                ; Off                 ; Off                 ;
; Iteration limit for constant Verilog loops                       ; 5000                ; 5000                ;
; Iteration limit for non-constant Verilog loops                   ; 250                 ; 250                 ;
; Add Pass-Through Logic to Inferred RAMs                          ; On                  ; On                  ;
; Infer RAMs from Raw Logic                                        ; On                  ; On                  ;
; Parallel Synthesis                                               ; On                  ; On                  ;
; DSP Block Balancing                                              ; Auto                ; Auto                ;
; NOT Gate Push-Back                                               ; On                  ; On                  ;
; Power-Up Don't Care                                              ; On                  ; On                  ;
; Remove Redundant Logic Cells                                     ; Off                 ; Off                 ;
; Remove Duplicate Registers                                       ; On                  ; On                  ;
; Ignore CARRY Buffers                                             ; Off                 ; Off                 ;
; Ignore CASCADE Buffers                                           ; Off                 ; Off                 ;
; Ignore GLOBAL Buffers                                            ; Off                 ; Off                 ;
; Ignore ROW GLOBAL Buffers                                        ; Off                 ; Off                 ;
; Ignore LCELL Buffers                                             ; Off                 ; Off                 ;
; Ignore SOFT Buffers                                              ; On                  ; On                  ;
; Limit AHDL Integers to 32 Bits                                   ; Off                 ; Off                 ;
; Optimization Technique                                           ; Balanced            ; Balanced            ;
; Carry Chain Length                                               ; 70                  ; 70                  ;
; Auto Carry Chains                                                ; On                  ; On                  ;
; Auto Open-Drain Pins                                             ; On                  ; On                  ;
; Perform WYSIWYG Primitive Resynthesis                            ; Off                 ; Off                 ;
; Auto ROM Replacement                                             ; On                  ; On                  ;
; Auto RAM Replacement                                             ; On                  ; On                  ;
; Auto DSP Block Replacement                                       ; On                  ; On                  ;
; Auto Shift Register Replacement                                  ; Auto                ; Auto                ;
; Allow Shift Register Merging across Hierarchies                  ; Auto                ; Auto                ;
; Auto Clock Enable Replacement                                    ; On                  ; On                  ;
; Strict RAM Replacement                                           ; Off                 ; Off                 ;
; Allow Synchronous Control Signals                                ; On                  ; On                  ;
; Force Use of Synchronous Clear Signals                           ; Off                 ; Off                 ;
; Auto RAM Block Balancing                                         ; On                  ; On                  ;
; Auto RAM to Logic Cell Conversion                                ; Off                 ; Off                 ;
; Auto Resource Sharing                                            ; Off                 ; Off                 ;
; Allow Any RAM Size For Recognition                               ; Off                 ; Off                 ;
; Allow Any ROM Size For Recognition                               ; Off                 ; Off                 ;
; Allow Any Shift Register Size For Recognition                    ; Off                 ; Off                 ;
; Use LogicLock Constraints during Resource Balancing              ; On                  ; On                  ;
; Ignore translate_off and synthesis_off directives                ; Off                 ; Off                 ;
; Timing-Driven Synthesis                                          ; On                  ; On                  ;
; Report Parameter Settings                                        ; On                  ; On                  ;
; Report Source Assignments                                        ; On                  ; On                  ;
; Report Connectivity Checks                                       ; On                  ; On                  ;
; Ignore Maximum Fan-Out Assignments                               ; Off                 ; Off                 ;
; Synchronization Register Chain Length                            ; 2                   ; 2                   ;
; Power Optimization During Synthesis                              ; Normal compilation  ; Normal compilation  ;
; HDL message level                                                ; Level2              ; Level2              ;
; Suppress Register Optimization Related Messages                  ; Off                 ; Off                 ;
; Number of Removed Registers Reported in Synthesis Report         ; 5000                ; 5000                ;
; Number of Swept Nodes Reported in Synthesis Report               ; 5000                ; 5000                ;
; Number of Inverted Registers Reported in Synthesis Report        ; 100                 ; 100                 ;
; Clock MUX Protection                                             ; On                  ; On                  ;
; Auto Gated Clock Conversion                                      ; Off                 ; Off                 ;
; Block Design Naming                                              ; Auto                ; Auto                ;
; SDC constraint protection                                        ; Off                 ; Off                 ;
; Synthesis Effort                                                 ; Auto                ; Auto                ;
; Shift Register Replacement - Allow Asynchronous Clear Signal     ; On                  ; On                  ;
; Pre-Mapping Resynthesis Optimization                             ; Off                 ; Off                 ;
; Analysis & Synthesis Message Level                               ; Medium              ; Medium              ;
; Disable Register Merging Across Hierarchies                      ; Auto                ; Auto                ;
; Resource Aware Inference For Block RAM                           ; On                  ; On                  ;
+------------------------------------------------------------------+---------------------+---------------------+


+------------------------------------------+
; Parallel Compilation                     ;
+----------------------------+-------------+
; Processors                 ; Number      ;
+----------------------------+-------------+
; Number detected on machine ; 8           ;
; Maximum allowed            ; 4           ;
;                            ;             ;
; Average used               ; 1.00        ;
; Maximum used               ; 4           ;
;                            ;             ;
; Usage by Processor         ; % Time Used ;
;     Processor 1            ; 100.0%      ;
;     Processor 2            ;   0.0%      ;
;     Processors 3-4         ;   0.0%      ;
+----------------------------+-------------+


+----------------------------------------------------------------------------------------------------------------------------------------------------------+
; Analysis & Synthesis Source Files Read                                                                                                                   ;
+----------------------------------+-----------------+-----------------+-------------------------------------------------------------------------+---------+
; File Name with User-Entered Path ; Used in Netlist ; File Type       ; File Name with Absolute Path                                            ; Library ;
+----------------------------------+-----------------+-----------------+-------------------------------------------------------------------------+---------+
; spi_master.vhd                   ; yes             ; User VHDL File  ; /home/dl-lab-pc3/Dylan/FPGA/single_SPAD_readout/spi_master.vhd          ;         ;
; controller.vhd                   ; yes             ; User VHDL File  ; /home/dl-lab-pc3/Dylan/FPGA/single_SPAD_readout/controller.vhd          ;         ;
; SPI_buffer_sender.vhd            ; yes             ; User VHDL File  ; /home/dl-lab-pc3/Dylan/FPGA/single_SPAD_readout/SPI_buffer_sender.vhd   ;         ;
; counter.vhd                      ; yes             ; User VHDL File  ; /home/dl-lab-pc3/Dylan/FPGA/single_SPAD_readout/counter.vhd             ;         ;
; single_SPAD_readout.vhd          ; yes             ; User VHDL File  ; /home/dl-lab-pc3/Dylan/FPGA/single_SPAD_readout/single_SPAD_readout.vhd ;         ;
+----------------------------------+-----------------+-----------------+-------------------------------------------------------------------------+---------+


+---------------------------------------------------------+
; Analysis & Synthesis Resource Usage Summary             ;
+---------------------------------------------+-----------+
; Resource                                    ; Usage     ;
+---------------------------------------------+-----------+
; Estimated Total logic elements              ; 417       ;
;                                             ;           ;
; Total combinational functions               ; 351       ;
; Logic element usage by number of LUT inputs ;           ;
;     -- 4 input functions                    ; 156       ;
;     -- 3 input functions                    ; 24        ;
;     -- <=2 input functions                  ; 171       ;
;                                             ;           ;
; Logic elements by mode                      ;           ;
;     -- normal mode                          ; 193       ;
;     -- arithmetic mode                      ; 158       ;
;                                             ;           ;
; Total registers                             ; 272       ;
;     -- Dedicated logic registers            ; 272       ;
;     -- I/O registers                        ; 0         ;
;                                             ;           ;
; I/O pins                                    ; 6         ;
;                                             ;           ;
; Embedded Multiplier 9-bit elements          ; 0         ;
;                                             ;           ;
; Maximum fan-out node                        ; CLK~input ;
; Maximum fan-out                             ; 240       ;
; Total fan-out                               ; 1732      ;
; Average fan-out                             ; 2.73      ;
+---------------------------------------------+-----------+


+-----------------------------------------------------------------------------------------------------------------------------------------------------------------------------------------------------------------------------------------------+
; Analysis & Synthesis Resource Utilization by Entity                                                                                                                                                                                           ;
+-------------------------------+---------------------+---------------------------+-------------+--------------+---------+-----------+------+--------------+-----------------------------------------------+---------------------+--------------+
; Compilation Hierarchy Node    ; Combinational ALUTs ; Dedicated Logic Registers ; Memory Bits ; DSP Elements ; DSP 9x9 ; DSP 18x18 ; Pins ; Virtual Pins ; Full Hierarchy Name                           ; Entity Name         ; Library Name ;
+-------------------------------+---------------------+---------------------------+-------------+--------------+---------+-----------+------+--------------+-----------------------------------------------+---------------------+--------------+
; |single_SPAD_readout          ; 351 (0)             ; 272 (0)                   ; 0           ; 0            ; 0       ; 0         ; 6    ; 0            ; |single_SPAD_readout                          ; single_SPAD_readout ; work         ;
;    |SPI_MASTER:SPI_MAMA|      ; 41 (41)             ; 28 (28)                   ; 0           ; 0            ; 0       ; 0         ; 0    ; 0            ; |single_SPAD_readout|SPI_MASTER:SPI_MAMA      ; SPI_MASTER          ; work         ;
;    |SPI_buffer_sender:SENDER| ; 233 (233)           ; 148 (148)                 ; 0           ; 0            ; 0       ; 0         ; 0    ; 0            ; |single_SPAD_readout|SPI_buffer_sender:SENDER ; SPI_buffer_sender   ; work         ;
;    |controller:CTR|           ; 45 (45)             ; 32 (32)                   ; 0           ; 0            ; 0       ; 0         ; 0    ; 0            ; |single_SPAD_readout|controller:CTR           ; controller          ; work         ;
;    |counter:CNT|              ; 32 (32)             ; 64 (64)                   ; 0           ; 0            ; 0       ; 0         ; 0    ; 0            ; |single_SPAD_readout|counter:CNT              ; counter             ; work         ;
+-------------------------------+---------------------+---------------------------+-------------+--------------+---------+-----------+------+--------------+-----------------------------------------------+---------------------+--------------+
Note: For table entries with two numbers listed, the numbers in parentheses indicate the number of resources of the given type used by the specific entity alone. The numbers listed outside of parentheses indicate the total resources of the given type used by the specific entity and all of its sub-entities in the hierarchy.


Encoding Type:  One-Hot
+------------------------------------------------------------------------------------------------------------------------------------------------------------------+
; State Machine - |single_SPAD_readout|SPI_MASTER:SPI_MAMA|present_state                                                                                           ;
+----------------------------+----------------------------+----------------------------+---------------------------+--------------------------+--------------------+
; Name                       ; present_state.transmit_gap ; present_state.transmit_end ; present_state.second_edge ; present_state.first_edge ; present_state.idle ;
+----------------------------+----------------------------+----------------------------+---------------------------+--------------------------+--------------------+
; present_state.idle         ; 0                          ; 0                          ; 0                         ; 0                        ; 0                  ;
; present_state.first_edge   ; 0                          ; 0                          ; 0                         ; 1                        ; 1                  ;
; present_state.second_edge  ; 0                          ; 0                          ; 1                         ; 0                        ; 1                  ;
; present_state.transmit_end ; 0                          ; 1                          ; 0                         ; 0                        ; 1                  ;
; present_state.transmit_gap ; 1                          ; 0                          ; 0                         ; 0                        ; 1                  ;
+----------------------------+----------------------------+----------------------------+---------------------------+--------------------------+--------------------+


Encoding Type:  One-Hot
+---------------------------------------------------------------------------------------------------+
; State Machine - |single_SPAD_readout|SPI_buffer_sender:SENDER|state                               ;
+---------------------+------------------+---------------------+----------------+-------------------+
; Name                ; state.send_state ; state.prepare_state ; state.FF_state ; state.start_state ;
+---------------------+------------------+---------------------+----------------+-------------------+
; state.start_state   ; 0                ; 0                   ; 0              ; 0                 ;
; state.FF_state      ; 0                ; 0                   ; 1              ; 1                 ;
; state.prepare_state ; 0                ; 1                   ; 0              ; 1                 ;
; state.send_state    ; 1                ; 0                   ; 0              ; 1                 ;
+---------------------+------------------+---------------------+----------------+-------------------+


+------------------------------------------------------+
; General Register Statistics                          ;
+----------------------------------------------+-------+
; Statistic                                    ; Value ;
+----------------------------------------------+-------+
; Total registers                              ; 272   ;
; Number of registers using Synchronous Clear  ; 63    ;
; Number of registers using Synchronous Load   ; 0     ;
; Number of registers using Asynchronous Clear ; 0     ;
; Number of registers using Asynchronous Load  ; 0     ;
; Number of registers using Clock Enable       ; 85    ;
; Number of registers using Preset             ; 0     ;
+----------------------------------------------+-------+


+------------------------------------------------------------------------------------------------------------------------------------------------------------------------------+
; Multiplexer Restructuring Statistics (Restructuring Performed)                                                                                                               ;
+--------------------+-----------+---------------+----------------------+------------------------+------------+----------------------------------------------------------------+
; Multiplexer Inputs ; Bus Width ; Baseline Area ; Area if Restructured ; Saving if Restructured ; Registered ; Example Multiplexer Output                                     ;
+--------------------+-----------+---------------+----------------------+------------------------+------------+----------------------------------------------------------------+
; 4:1                ; 8 bits    ; 16 LEs        ; 16 LEs               ; 0 LEs                  ; Yes        ; |single_SPAD_readout|SPI_buffer_sender:SENDER|data_byte[3]     ;
; 3:1                ; 8 bits    ; 16 LEs        ; 8 LEs                ; 8 LEs                  ; Yes        ; |single_SPAD_readout|SPI_MASTER:SPI_MAMA|shreg[5]              ;
; 3:1                ; 3 bits    ; 6 LEs         ; 3 LEs                ; 3 LEs                  ; Yes        ; |single_SPAD_readout|SPI_MASTER:SPI_MAMA|bit_cnt[0]            ;
; 6:1                ; 31 bits   ; 124 LEs       ; 31 LEs               ; 93 LEs                 ; Yes        ; |single_SPAD_readout|SPI_buffer_sender:SENDER|delay_counter[6] ;
+--------------------+-----------+---------------+----------------------+------------------------+------------+----------------------------------------------------------------+


+-------------------------------------------------------------------------------------+
; Parameter Settings for User Entity Instance: Top-level Entity: |single_SPAD_readout ;
+----------------+-------+------------------------------------------------------------+
; Parameter Name ; Value ; Type                                                       ;
+----------------+-------+------------------------------------------------------------+
; COUNTER_SIZE   ; 32    ; Signed Integer                                             ;
; NUM_CYCLES     ; 100   ; Signed Integer                                             ;
+----------------+-------+------------------------------------------------------------+
Note: In order to hide this table in the UI and the text report file, please set the "Show Parameter Settings in Synthesis Report" option in "Analysis and Synthesis Settings -> More Settings" to "Off".


+-------------------------------------------------------------+
; Parameter Settings for User Entity Instance: controller:CTR ;
+----------------+-------+------------------------------------+
; Parameter Name ; Value ; Type                               ;
+----------------+-------+------------------------------------+
; num_cycles     ; 100   ; Signed Integer                     ;
+----------------+-------+------------------------------------+
Note: In order to hide this table in the UI and the text report file, please set the "Show Parameter Settings in Synthesis Report" option in "Analysis and Synthesis Settings -> More Settings" to "Off".


+----------------------------------------------------------+
; Parameter Settings for User Entity Instance: counter:CNT ;
+----------------+-------+---------------------------------+
; Parameter Name ; Value ; Type                            ;
+----------------+-------+---------------------------------+
; counter_size   ; 32    ; Signed Integer                  ;
+----------------+-------+---------------------------------+
Note: In order to hide this table in the UI and the text report file, please set the "Show Parameter Settings in Synthesis Report" option in "Analysis and Synthesis Settings -> More Settings" to "Off".


+-----------------------------------------------------------------------+
; Parameter Settings for User Entity Instance: SPI_buffer_sender:SENDER ;
+----------------+-------+----------------------------------------------+
; Parameter Name ; Value ; Type                                         ;
+----------------+-------+----------------------------------------------+
; counter_size   ; 32    ; Signed Integer                               ;
+----------------+-------+----------------------------------------------+
Note: In order to hide this table in the UI and the text report file, please set the "Show Parameter Settings in Synthesis Report" option in "Analysis and Synthesis Settings -> More Settings" to "Off".


+------------------------------------------------------------------+
; Parameter Settings for User Entity Instance: SPI_MASTER:SPI_MAMA ;
+----------------+----------+--------------------------------------+
; Parameter Name ; Value    ; Type                                 ;
+----------------+----------+--------------------------------------+
; clk_freq       ; 50000000 ; Signed Integer                       ;
; sclk_freq      ; 50000    ; Signed Integer                       ;
; word_size      ; 8        ; Signed Integer                       ;
; slave_count    ; 1        ; Signed Integer                       ;
+----------------+----------+--------------------------------------+
Note: In order to hide this table in the UI and the text report file, please set the "Show Parameter Settings in Synthesis Report" option in "Analysis and Synthesis Settings -> More Settings" to "Off".


+-----------------------------------------------------------------------------------------------------------------------------------------------------------------------------+
; Port Connectivity Checks: "SPI_MASTER:SPI_MAMA"                                                                                                                             ;
+----------+--------+----------+----------------------------------------------------------------------------------------------------------------------------------------------+
; Port     ; Type   ; Severity ; Details                                                                                                                                      ;
+----------+--------+----------+----------------------------------------------------------------------------------------------------------------------------------------------+
; rst      ; Input  ; Info     ; Stuck at GND                                                                                                                                 ;
; dout     ; Output ; Info     ; Connected to dangling logic. Logic that only feeds a dangling port will be removed.                                                          ;
; dout_vld ; Output ; Info     ; Connected to dangling logic. Logic that only feeds a dangling port will be removed.                                                          ;
; din_addr ; Input  ; Warning  ; Declared by entity but not connected by instance. If a default value exists, it will be used.  Otherwise, the port will be connected to GND. ;
+----------+--------+----------+----------------------------------------------------------------------------------------------------------------------------------------------+


+------------------------------------------------------+
; Port Connectivity Checks: "SPI_buffer_sender:SENDER" ;
+------+-------+----------+----------------------------+
; Port ; Type  ; Severity ; Details                    ;
+------+-------+----------+----------------------------+
; rst  ; Input ; Info     ; Stuck at GND               ;
+------+-------+----------+----------------------------+


+-----------------------------------------+
; Port Connectivity Checks: "counter:CNT" ;
+-------+-------+----------+--------------+
; Port  ; Type  ; Severity ; Details      ;
+-------+-------+----------+--------------+
; reset ; Input ; Info     ; Stuck at GND ;
+-------+-------+----------+--------------+


+------------------------------------------------------------------------------------------------------------------------+
; Port Connectivity Checks: "controller:CTR"                                                                             ;
+--------------+--------+----------+-------------------------------------------------------------------------------------+
; Port         ; Type   ; Severity ; Details                                                                             ;
+--------------+--------+----------+-------------------------------------------------------------------------------------+
; rst          ; Input  ; Info     ; Stuck at GND                                                                        ;
; rst_counters ; Output ; Info     ; Connected to dangling logic. Logic that only feeds a dangling port will be removed. ;
+--------------+--------+----------+-------------------------------------------------------------------------------------+


+-----------------------------------------------------+
; Post-Synthesis Netlist Statistics for Top Partition ;
+-----------------------+-----------------------------+
; Type                  ; Count                       ;
+-----------------------+-----------------------------+
; boundary_port         ; 6                           ;
; cycloneiii_ff         ; 272                         ;
;     ENA               ; 54                          ;
;     ENA SCLR          ; 31                          ;
;     SCLR              ; 32                          ;
;     plain             ; 155                         ;
; cycloneiii_lcell_comb ; 351                         ;
;     arith             ; 158                         ;
;         2 data inputs ; 155                         ;
;         3 data inputs ; 3                           ;
;     normal            ; 193                         ;
;         1 data inputs ; 7                           ;
;         2 data inputs ; 9                           ;
;         3 data inputs ; 21                          ;
;         4 data inputs ; 156                         ;
;                       ;                             ;
; Max LUT depth         ; 8.00                        ;
; Average LUT depth     ; 4.34                        ;
+-----------------------+-----------------------------+


+-------------------------------+
; Elapsed Time Per Partition    ;
+----------------+--------------+
; Partition Name ; Elapsed Time ;
+----------------+--------------+
; Top            ; 00:00:00     ;
+----------------+--------------+


+-------------------------------+
; Analysis & Synthesis Messages ;
+-------------------------------+
Info: *******************************************************************
Info: Running Quartus Prime Analysis & Synthesis
    Info: Version 23.1std.1 Build 993 05/14/2024 SC Lite Edition
    Info: Processing started: Mon Sep 16 16:22:40 2024
Info: Command: quartus_map --read_settings_files=on --write_settings_files=off single_SPAD_readout -c single_SPAD_readout
Warning (18236): Number of processors has not been specified which may cause overloading on shared machines.  Set the global assignment NUM_PARALLEL_PROCESSORS in your QSF to an appropriate value for best performance.
Info (20030): Parallel compilation is enabled and will use 4 of the 4 processors detected
Info (12021): Found 2 design units, including 1 entities, in source file spi_master.vhd
    Info (12022): Found design unit 1: SPI_MASTER-RTL File: /home/dl-lab-pc3/Dylan/FPGA/single_SPAD_readout/spi_master.vhd Line: 43
    Info (12023): Found entity 1: SPI_MASTER File: /home/dl-lab-pc3/Dylan/FPGA/single_SPAD_readout/spi_master.vhd Line: 16
Info (12021): Found 2 design units, including 1 entities, in source file controller.vhd
    Info (12022): Found design unit 1: controller-behaviour File: /home/dl-lab-pc3/Dylan/FPGA/single_SPAD_readout/controller.vhd Line: 20
    Info (12023): Found entity 1: controller File: /home/dl-lab-pc3/Dylan/FPGA/single_SPAD_readout/controller.vhd Line: 5
Info (12021): Found 2 design units, including 1 entities, in source file SPI_buffer_sender.vhd
    Info (12022): Found design unit 1: SPI_buffer_sender-RTL File: /home/dl-lab-pc3/Dylan/FPGA/single_SPAD_readout/SPI_buffer_sender.vhd Line: 24
    Info (12023): Found entity 1: SPI_buffer_sender File: /home/dl-lab-pc3/Dylan/FPGA/single_SPAD_readout/SPI_buffer_sender.vhd Line: 5
Info (12021): Found 2 design units, including 1 entities, in source file counter.vhd
    Info (12022): Found design unit 1: counter-behaviour File: /home/dl-lab-pc3/Dylan/FPGA/single_SPAD_readout/counter.vhd Line: 18
    Info (12023): Found entity 1: counter File: /home/dl-lab-pc3/Dylan/FPGA/single_SPAD_readout/counter.vhd Line: 6
Info (12021): Found 2 design units, including 1 entities, in source file single_SPAD_readout.vhd
    Info (12022): Found design unit 1: single_SPAD_readout-behaviour File: /home/dl-lab-pc3/Dylan/FPGA/single_SPAD_readout/single_SPAD_readout.vhd Line: 27
    Info (12023): Found entity 1: single_SPAD_readout File: /home/dl-lab-pc3/Dylan/FPGA/single_SPAD_readout/single_SPAD_readout.vhd Line: 6
Info (12127): Elaborating entity "single_SPAD_readout" for the top level hierarchy
Warning (10540): VHDL Signal Declaration warning at single_SPAD_readout.vhd(29): used explicit default value for signal "RST" because signal was never assigned a value File: /home/dl-lab-pc3/Dylan/FPGA/single_SPAD_readout/single_SPAD_readout.vhd Line: 29
Warning (10036): Verilog HDL or VHDL warning at single_SPAD_readout.vhd(30): object "RST_counters" assigned a value but never read File: /home/dl-lab-pc3/Dylan/FPGA/single_SPAD_readout/single_SPAD_readout.vhd Line: 30
Warning (10036): Verilog HDL or VHDL warning at single_SPAD_readout.vhd(35): object "DOUT" assigned a value but never read File: /home/dl-lab-pc3/Dylan/FPGA/single_SPAD_readout/single_SPAD_readout.vhd Line: 35
Warning (10036): Verilog HDL or VHDL warning at single_SPAD_readout.vhd(36): object "DOUT_VLD" assigned a value but never read File: /home/dl-lab-pc3/Dylan/FPGA/single_SPAD_readout/single_SPAD_readout.vhd Line: 36
Info (12128): Elaborating entity "controller" for hierarchy "controller:CTR" File: /home/dl-lab-pc3/Dylan/FPGA/single_SPAD_readout/single_SPAD_readout.vhd Line: 121
Info (12128): Elaborating entity "counter" for hierarchy "counter:CNT" File: /home/dl-lab-pc3/Dylan/FPGA/single_SPAD_readout/single_SPAD_readout.vhd Line: 135
Warning (10492): VHDL Process Statement warning at counter.vhd(26): signal "reset" is read inside the Process Statement but isn't in the Process Statement's sensitivity list File: /home/dl-lab-pc3/Dylan/FPGA/single_SPAD_readout/counter.vhd Line: 26
Info (12128): Elaborating entity "SPI_buffer_sender" for hierarchy "SPI_buffer_sender:SENDER" File: /home/dl-lab-pc3/Dylan/FPGA/single_SPAD_readout/single_SPAD_readout.vhd Line: 146
Info (12128): Elaborating entity "SPI_MASTER" for hierarchy "SPI_MASTER:SPI_MAMA" File: /home/dl-lab-pc3/Dylan/FPGA/single_SPAD_readout/single_SPAD_readout.vhd Line: 163
Warning (10445): VHDL Subtype or Type Declaration warning at spi_master.vhd(33): subtype or type has null range File: /home/dl-lab-pc3/Dylan/FPGA/single_SPAD_readout/spi_master.vhd Line: 33
Warning (10445): VHDL Subtype or Type Declaration warning at spi_master.vhd(52): subtype or type has null range File: /home/dl-lab-pc3/Dylan/FPGA/single_SPAD_readout/spi_master.vhd Line: 52
Warning (10036): Verilog HDL or VHDL warning at spi_master.vhd(52): object "addr_reg" assigned a value but never read File: /home/dl-lab-pc3/Dylan/FPGA/single_SPAD_readout/spi_master.vhd Line: 52
Warning (10296): VHDL warning at spi_master.vhd(137): ignored assignment of value to null range File: /home/dl-lab-pc3/Dylan/FPGA/single_SPAD_readout/spi_master.vhd Line: 137
Warning (10296): VHDL warning at spi_master.vhd(139): ignored assignment of value to null range File: /home/dl-lab-pc3/Dylan/FPGA/single_SPAD_readout/spi_master.vhd Line: 139
Warning (12241): 1 hierarchies have connectivity warnings - see the Connectivity Checks report folder
Info (286030): Timing-Driven Synthesis is running
Info (16010): Generating hard_block partition "hard_block:auto_generated_inst"
    Info (16011): Adding 0 node(s), including 0 DDIO, 0 PLL, 0 transceiver and 0 LCELL
Info (21057): Implemented 423 device resources after synthesis - the final resource count might be different
    Info (21058): Implemented 3 input pins
    Info (21059): Implemented 3 output pins
    Info (21061): Implemented 417 logic cells
Info: Quartus Prime Analysis & Synthesis was successful. 0 errors, 12 warnings
    Info: Peak virtual memory: 443 megabytes
    Info: Processing ended: Mon Sep 16 16:22:48 2024
    Info: Elapsed time: 00:00:08
    Info: Total CPU time (on all processors): 00:00:19


